


         SM85 Assembler V1.10            Wed Dec 09 16:20:07 1998  Page    1


      1                 ;============================================================================
      2                 ;
      3                 ;           Demo Data
      4                 ;
      5                 ;	83h = UP
      6                 ;	84h = Down
      7                 ;	85h = Left
      8                 ;	86h = right
      9                 ;
     10                 ;	  0      = end of demo
     11                 ;	1 to 127 = ignore that many input requests
     12                 ;
     13                 ;----------------------------------------------------------------------------
     14                 
     15                 DemoInput:	global	DemoInput
     16 0000 64         	defb	100
     17 0001 83         	defb	83h
     18 0002 64         	defb	100
     19 0003 85         	defb	85h
     20 0004 64         	defb	100
     21 0005 83         	defb	83h
     22 0006 64         	defb	100
     23 0007 00         	defb	0
     24                 
     25 0008             	end
