


         SM85 Assembler V1.10            Wed Dec 16 09:23:30 1998  Page    1


      1                 ;****************************************************************************************
      2                 ;**  Strip Definition Table
      3                 ;****************************************************************************************
      4                 ;** STRIP TABLE VALUE DEFINITIONS
      5                 ;**
      6                 
      7                 		;0 ;STILL, SAFE
      8                 		;1 ;MOVING   SAFE
      9                 		;2 ;HOME SAFE
     10                 		;3 ;IMPASSIBLE
     11                 		;4 ;WATER DEATH
     12                 		;5 ;GROUND DEATH
     13                 		;6 ;Frogger
     14                 		;7 ;bonus 100
     15                 		;7 ;bonus 200
     16      000A       A	equ	10 ;Can't Move here-- attempt causes death
     17      000B       B	equ	11 ;???
     18      000C       C	equ	12 ;???
     19      000D       D	equ	13 ;???
     20      000E       E	equ	14 ;???
     21      000F       F	equ	15 ;NOT USED - BLANK
     22                 
     23                 ;** Questions/Comments: 
     24                 ;
     25                 ;ASB: A through F must be equated to a number (the hex value is 0ah, not a)
     26                 ;ASB: I have done so above in a way that also defines their meaning.
     27                 ;**
     28                 
     29                 StripTable:	Global	StripTable
     30 0000 0A020202   	defb	A,2,2,2,A,A,2,2,2,A,A,2,2,2,A,A,2,2,2,A,A,2,2,2,A,0,0,0,0,0,0,0 ;00 WIN1	START OF PAGE 1
        0004 0A0A0202
        0008 020A0A02
        000C 02020A0A
        0010 0202020A
        0014 0A020202
        0018 0A000000
        001C 00000000
     31 0020 03020202   	defb	3,2,2,2,3,3,2,2,2,3,3,2,2,2,3,3,2,2,2,3,3,2,2,2,3,0,0,0,0,0,0,0 ;01 WIN2
        0024 03030202
        0028 02030302
        002C 02020303
        0030 02020203
        0034 03020202
        0038 03000000
        003C 00000000
     32 0040 00020202   	defb	0,2,2,2,0,0,2,2,2,0,0,2,2,2,0,0,2,2,2,0,0,2,2,2,0,0,0,0,0,0,0,0 ;02 WIN3
        0044 00000202
        0048 02000002
        004C 02020000
        0050 02020200
        0054 00020202
        0058 00000000
        005C 00000000
     33 0060 00000000   	defb	0,0,0,0,0,0,0,0,0,0,0,0,0,0,0,0,0,0,0,0,0,0,0,0,0,0,0,0,0,0,0,0 ;03 RAILROAD
        0064 00000000



         SM85 Assembler V1.10            Wed Dec 16 09:23:30 1998  Page    2


        0068 00000000
        006C 00000000
        0070 00000000
        0074 00000000
        0078 00000000
        007C 00000000
     34 0080 00000000   	defb	0,0,0,0,0,0,0,0,0,0,0,0,0,0,0,0,0,0,0,0,0,0,0,0,0,0,0,0,0,0,0,0 ;04 SIDEWALK
        0084 00000000
        0088 00000000
        008C 00000000
        0090 00000000
        0094 00000000
        0098 00000000
        009C 00000000
     35 00A0 00000000   	defb	0,0,0,0,0,3,3,3,3,0,0,0,0,0,0,0,0,0,0,3,3,3,3,0,0,0,0,0,0,0,0,0 ;05 SIDEWALK WITH WALLS
        00A4 00030303
        00A8 03000000
        00AC 00000000
        00B0 00000003
        00B4 03030300
        00B8 00000000
        00BC 00000000
     36 00C0 00000000   	defb	0,0,0,0,0,0,0,0,0,0,0,0,0,0,0,0,0,0,0,0,0,0,0,0,0,0,0,0,0,0,0,0 ;06 SAFE GRASS
        00C4 00000000
        00C8 00000000
        00CC 00000000
        00D0 00000000
        00D4 00000000
        00D8 00000000
        00DC 00000000
     37 00E0 00000000   	defb	0,0,0,0,0,0,0,0,0,0,0,0,0,0,0,0,0,0,0,0,0,0,0,0,0,0,0,0,0,0,0,0 ;07 SAFE GRASS
        00E4 00000000
        00E8 00000000
        00EC 00000000
        00F0 00000000
        00F4 00000000
        00F8 00000000
        00FC 00000000
     38 0100 04040404   	defb	4,4,4,4,0,0,0,4,4,4,4,4,0,0,0,4,4,4,4,4,0,0,0,4,4,4,4,4,0,0,0,0 ;08 ISLANDS 1
        0104 00000004
        0108 04040404
        010C 00000004
        0110 04040404
        0114 00000004
        0118 04040404
        011C 00000000
     39 0120 00000000   	defb	0,0,0,0,0,0,0,0,0,0,0,0,0,0,0,0,0,0,0,0,0,0,0,0,0,0,0,0,0,0,0,0 ;09 ROAD7
        0124 00000000
        0128 00000000
        012C 00000000
        0130 00000000
        0134 00000000
        0138 00000000
        013C 00000000
     40 0140 00000000   	defb	0,0,0,0,0,0,0,0,0,0,0,0,0,0,0,0,0,0,0,0,0,0,0,0,0,0,0,0,0,0,0,0 ;10 GRASS1



         SM85 Assembler V1.10            Wed Dec 16 09:23:30 1998  Page    3


        0144 00000000
        0148 00000000
        014C 00000000
        0150 00000000
        0154 00000000
        0158 00000000
        015C 00000000
     41 0160 00000000   	defb	0,0,0,0,0,0,0,0,0,0,0,0,0,0,0,0,0,0,0,0,0,0,0,0,0,0,0,0,0,0,0,0 ;11 GRASS2
        0164 00000000
        0168 00000000
        016C 00000000
        0170 00000000
        0174 00000000
        0178 00000000
        017C 00000000
     42 0180 00000000   	defb	0,0,0,0,0,0,0,0,0,0,0,0,0,0,0,0,0,0,0,0,0,0,0,0,0,0,0,0,0,0,0,0 ;12 BLANK1
        0184 00000000
        0188 00000000
        018C 00000000
        0190 00000000
        0194 00000000
        0198 00000000
        019C 00000000
     43 01A0 00000000   	defb	0,0,0,0,0,0,0,0,0,0,0,0,0,0,0,0,0,0,0,0,0,0,0,0,0,0,0,0,0,0,0,0 ;13 BLANK2
        01A4 00000000
        01A8 00000000
        01AC 00000000
        01B0 00000000
        01B4 00000000
        01B8 00000000
        01BC 00000000
     44 01C0 00000000   	defb	0,0,0,0,0,0,0,0,0,0,0,0,0,0,0,0,0,0,0,0,0,0,0,0,0,0,0,0,0,0,0,0 ;14 BLANK3
        01C4 00000000
        01C8 00000000
        01CC 00000000
        01D0 00000000
        01D4 00000000
        01D8 00000000
        01DC 00000000
     45 01E0 00000000   	defb	0,0,0,0,0,0,0,0,0,0,0,0,0,0,0,0,0,0,0,0,0,0,0,0,0,0,0,0,0,0,0,0 ;15 BLANK4	END OF PAGE 1
        01E4 00000000
        01E8 00000000
        01EC 00000000
        01F0 00000000
        01F4 00000000
        01F8 00000000
        01FC 00000000
     46 0200 04040481   	defb	4,4,4,81h,87h,80h,80h,80h,80h,80h,4,4,4,4,4,1,1,1,1,1,1,1,4,4,4,4,4,4,4,4,4,4 ;11 LOG1	START OF PAGE 2
        0204 87808080
        0208 80800404
        020C 04040401
        0210 01010101
        0214 01010404
        0218 04040404
        021C 04040404



         SM85 Assembler V1.10            Wed Dec 16 09:23:30 1998  Page    4


     47 0220 04010101   	defb	4,1,1,1,1,1,4,4,4,1,82h,84h,80h,80h,1,4,4,4,1,1,1,1,1,4,4,4,4,4,4,4,4,4 ;12 LOG2
        0224 01010404
        0228 04018284
        022C 80800104
        0230 04040101
        0234 01010104
        0238 04040404
        023C 04040404
     48 0240 01040404   	defb	1,4,4,4,4,4,81h,83h,80h,4,4,4,4,4,82h,83h,80h,4,4,4,4,4,4,1,1,4,4,4,4,4,4,4 ;13 LOG3
        0244 04048183
        0248 80040404
        024C 04048283
        0250 80040404
        0254 04040401
        0258 01040404
        025C 04040404
     49 0260 04040404   	defb	4,4,4,4,0,0,0,4,4,4,4,0,0,0,4,4,4,4,0,0,0,4,4,4,4,4,4,4,4,4,4,4 ;19 ISLE1
        0264 00000004
        0268 04040400
        026C 00000404
        0270 04040000
        0274 00040404
        0278 04040404
        027C 04040404
     50 0280 01010104   	defb	1,1,1,4,4,1,1,1,1,1,1,1,1,1,1,1,1,1,1,1,4,4,1,1,1,4,4,4,4,4,4,4 ;20 ISLE2
        0284 04010101
        0288 01010101
        028C 01010101
        0290 01010101
        0294 04040101
        0298 01040404
        029C 04040404
     51 02A0 04040404   	defb	4,4,4,4,4,4,4,4,4,4,4,4,4,4,4,4,4,4,4,4,4,4,4,4,4,4,4,4,4,4,4,4 ;21 WATER DEATH
        02A4 04040404
        02A8 04040404
        02AC 04040404
        02B0 04040404
        02B4 04040404
        02B8 04040404
        02BC 04040404
     52 02C0 00000000   	defb	0,0,0,0,0,0,0,0,0,0,0,0,0,0,0,0,0,0,0,0,0,0,0,0,0,0,0,0,0,0,0,0 ;22 BLANK
        02C4 00000000
        02C8 00000000
        02CC 00000000
        02D0 00000000
        02D4 00000000
        02D8 00000000
        02DC 00000000
     53 02E0 00000000   	defb	0,0,0,0,0,0,0,0,0,0,0,0,0,0,0,0,0,0,0,0,0,0,0,0,0,0,0,0,0,0,0,0 ;23 BLANK
        02E4 00000000
        02E8 00000000
        02EC 00000000
        02F0 00000000
        02F4 00000000
        02F8 00000000



         SM85 Assembler V1.10            Wed Dec 16 09:23:30 1998  Page    5


        02FC 00000000
     54 0300 00000000   	defb	0,0,0,0,0,0,0,0,0,0,0,0,0,0,0,0,0,0,0,0,0,0,0,0,0,0,0,0,0,0,0,0 ;24 BLANK
        0304 00000000
        0308 00000000
        030C 00000000
        0310 00000000
        0314 00000000
        0318 00000000
        031C 00000000
     55 0320 00000000   	defb	0,0,0,0,0,0,0,0,0,0,0,0,0,0,0,0,0,0,0,0,0,0,0,0,0,0,0,0,0,0,0,0 ;25 BLANK	
        0324 00000000
        0328 00000000
        032C 00000000
        0330 00000000
        0334 00000000
        0338 00000000
        033C 00000000
     56 0340 00000000   	defb	0,0,0,0,0,0,0,0,0,0,0,0,0,0,0,0,0,0,0,0,0,0,0,0,0,0,0,0,0,0,0,0 ;26 BLANK
        0344 00000000
        0348 00000000
        034C 00000000
        0350 00000000
        0354 00000000
        0358 00000000
        035C 00000000
     57 0360 00000000   	defb	0,0,0,0,0,0,0,0,0,0,0,0,0,0,0,0,0,0,0,0,0,0,0,0,0,0,0,0,0,0,0,0 ;27 BLANK
        0364 00000000
        0368 00000000
        036C 00000000
        0370 00000000
        0374 00000000
        0378 00000000
        037C 00000000
     58 0380 00000000   	defb	0,0,0,0,0,0,0,0,0,0,0,0,0,0,0,0,0,0,0,0,0,0,0,0,0,0,0,0,0,0,0,0 ;28 BLANK
        0384 00000000
        0388 00000000
        038C 00000000
        0390 00000000
        0394 00000000
        0398 00000000
        039C 00000000
     59 03A0 00000000   	defb	0,0,0,0,0,0,0,0,0,0,0,0,0,0,0,0,0,0,0,0,0,0,0,0,0,0,0,0,0,0,0,0 ;29 BLANK
        03A4 00000000
        03A8 00000000
        03AC 00000000
        03B0 00000000
        03B4 00000000
        03B8 00000000
        03BC 00000000
     60 03C0 00000000   	defb	0,0,0,0,0,0,0,0,0,0,0,0,0,0,0,0,0,0,0,0,0,0,0,0,0,0,0,0,0,0,0,0 ;30 BLANK
        03C4 00000000
        03C8 00000000
        03CC 00000000
        03D0 00000000
        03D4 00000000



         SM85 Assembler V1.10            Wed Dec 16 09:23:30 1998  Page    6


        03D8 00000000
        03DC 00000000
     61 03E0 00000000   	defb	0,0,0,0,0,0,0,0,0,0,0,0,0,0,0,0,0,0,0,0,0,0,0,0,0,0,0,0,0,0,0,0 ;31 BLANK 	END OF PAGE 1
        03E4 00000000
        03E8 00000000
        03EC 00000000
        03F0 00000000
        03F4 00000000
        03F8 00000000
        03FC 00000000
     62 0400 00000505   	defb	0,0,5,5,5,5,0,0,0,0,0,0,0,5,5,5,5,0,0,0,0,0,0,0,0,5,5,5,5,0,0,0 ;32 3 TRUCKS EVENLY SPACED		 START OF PAGE 2
        0404 05050000
        0408 00000000
        040C 00050505
        0410 05000000
        0414 00000000
        0418 00050505
        041C 05000000
     63 0420 00000505   	defb	0,0,5,5,5,5,0,0,0,0,0,0,0,5,5,5,5,0,0,0,0,0,0,0,0,0,0,0,0,0,0,0 ;33 2 TRUCKS
        0424 05050000
        0428 00000000
        042C 00050505
        0430 05000000
        0434 00000000
        0438 00000000
        043C 00000000
     64 0440 00000000   	defb	0,0,0,0,0,5,5,5,5,0,0,5,5,5,5,0,0,0,0,0,0,0,0,0,5,5,5,5,0,0,0,0 ;34 3 TRUCKS - 2 CLOSE TOGETHER
        0444 00050505
        0448 05000005
        044C 05050500
        0450 00000000
        0454 00000000
        0458 05050505
        045C 00000000
     65 0460 05050505   	defb	5,5,5,5,5,5,5,5,5,0,0,0,0,0,0,0,0,5,5,5,5,5,5,5,5,5,0,0,0,0,0,0 ;35 2 LONG TRUCKS
        0464 05050505
        0468 05000000
        046C 00000000
        0470 00050505
        0474 05050505
        0478 05050000
        047C 00000000
     66 0480 00000505   	defb	0,0,5,5,5,5,0,0,0,0,0,5,5,5,5,5,5,5,5,5,0,0,0,0,0,5,5,5,5,0,0,0 ;36 2 SHORT 1 LONG TRUCK
        0484 05050000
        0488 00000005
        048C 05050505
        0490 05050505
        0494 00000000
        0498 00050505
        049C 05000000
     67 04A0 00050505   	defb	0,5,5,5,5,5,5,0,0,0,0,0,0,5,5,5,0,0,0,0,0,0,5,5,5,5,5,5,0,0,0,0 ;37 BUS TRACTOR BUS
        04A4 05050500
        04A8 00000000
        04AC 00050505
        04B0 00000000



         SM85 Assembler V1.10            Wed Dec 16 09:23:30 1998  Page    7


        04B4 00000505
        04B8 05050505
        04BC 00000000
     68 04C0 00000000   	defb	0,0,0,0,0,0,0,0,5,5,5,0,0,0,0,0,0,0,5,5,5,0,0,0,0,0,0,0,5,5,5,5 ;38 TRACTOR PICKUP TRUCK
        04C4 00000000
        04C8 05050500
        04CC 00000000
        04D0 00000505
        04D4 05000000
        04D8 00000000
        04DC 05050505
     69 04E0 05050500   	defb	5,5,5,0,0,0,0,0,0,0,5,5,5,0,0,0,0,0,0,0,5,5,5,0,0,0,0,0,0,0,0,0 ;39 TA MIATA PICKUP
        04E4 00000000
        04E8 00000505
        04EC 05000000
        04F0 00000000
        04F4 05050500
        04F8 00000000
        04FC 00000000
     70 0500 00000000   	defb	0,0,0,0,5,5,5,5,5,5,5,0,0,0,0,0,0,0,0,5,5,5,5,5,5,5,0,0,0,0,0,0 ;40 TA MIATA COP TA
        0504 05050505
        0508 05050500
        050C 00000000
        0510 00000005
        0514 05050505
        0518 05050000
        051C 00000000
     71 0520 00000005   	defb	0,0,0,5,5,5,0,0,0,5,5,5,5,5,0,0,0,5,5,5,0,0,0,0,0,0,0,0,0,0,0,0 ;41 COP LIMO COP
        0524 05050000
        0528 00050505
        052C 05050000
        0530 00050505
        0534 00000000
        0538 00000000
        053C 00000000
     72 0540 00050505   	defb	0,5,5,5,0,0,0,0,0,0,5,5,5,0,0,0,0,0,0,5,5,5,0,0,0,5,5,5,5,0,0,0 ;42 PUCKUP TRACTOP PICKUP TRUCK
        0544 00000000
        0548 00000505
        054C 05000000
        0550 00000005
        0554 05050000
        0558 00050505
        055C 05000000
     73 0560 05050500   	defb	5,5,5,0,0,0,0,0,5,5,5,5,5,0,0,0,0,0,0,5,5,5,0,0,0,0,0,5,5,5,0,0 ;43 MIATA LIMO TA PICKUP
        0564 00000000
        0568 05050505
        056C 05000000
        0570 00000005
        0574 05050000
        0578 00000005
        057C 05050000
     74 0580 00000005   	defb	0,0,0,5,5,5,0,0,0,0,0,0,5,5,5,0,0,0,0,0,5,5,5,5,5,5,0,0,0,0,0,0 ;44 COP COP BUS
        0584 05050000
        0588 00000000
        058C 05050500



         SM85 Assembler V1.10            Wed Dec 16 09:23:30 1998  Page    8


        0590 00000000
        0594 05050505
        0598 05050000
        059C 00000000
     75 05A0 00000505   	defb	0,0,5,5,5,0,0,0,5,5,5,0,0,0,0,0,0,0,0,0,0,5,5,5,0,0,0,0,0,0,0,0 ;45 TA MIATA TA
        05A4 05000000
        05A8 05050500
        05AC 00000000
        05B0 00000000
        05B4 00050505
        05B8 00000000
        05BC 00000000
     76 05C0 00000000   	defb	0,0,0,0,0,5,5,5,0,0,0,0,0,0,0,0,0,0,0,0,0,5,5,5,0,0,0,0,0,0,0,0 ;46 TA COP
        05C4 00050505
        05C8 00000000
        05CC 00000000
        05D0 00000000
        05D4 00050505
        05D8 00000000
        05DC 00000000
     77 05E0 00000005   	defb	0,0,0,5,5,5,0,0,0,0,5,5,5,0,0,0,0,0,0,5,5,5,0,0,0,0,5,5,5,0,0,0 ;47 PICKUP TRACT TRACT	PICKUP END OF PAGE 2
        05E4 05050000
        05E8 00000505
        05EC 05000000
        05F0 00000005
        05F4 05050000
        05F8 00000505
        05FC 05000000
     78 0600 05050505   	defb	5,5,5,5,0,0,0,0,0,0,0,0,5,5,5,5,0,0,0,0,0,0,0,0,0,0,0,0,0,0,0,0 ;48 TWO CLASSIC TRUCKS START OF PAGE 3
        0604 00000000
        0608 00000000
        060C 05050505
        0610 00000000
        0614 00000000
        0618 00000000
        061C 00000000
     79 0620 05050505   	defb	5,5,5,5,0,0,0,0,0,5,5,5,5,0,0,0,0,5,5,5,5,0,0,0,0,5,5,5,5,0,0,0 ;49 4 CLASSIC TRUCKS
        0624 00000000
        0628 00050505
        062C 05000000
        0630 00050505
        0634 05000000
        0638 00050505
        063C 05000000
     80 0640 05050000   	defb	5,5,0,0,0,0,0,0,0,0,0,5,5,0,0,0,0,0,0,0,0,0,5,5,0,0,0,0,0,0,0,0 ;50 3 SEDANS
        0644 00000000
        0648 00000005
        064C 05000000
        0650 00000000
        0654 00000505
        0658 00000000
        065C 00000000
     81 0660 05050000   	defb	5,5,0,0,0,0,0,5,5,0,0,0,0,0,5,5,0,0,0,0,0,5,5,0,0,0,0,0,5,5,0,0 ;51 5 SEDANS
        0664 00000005
        0668 05000000



         SM85 Assembler V1.10            Wed Dec 16 09:23:30 1998  Page    9


        066C 00000505
        0670 00000000
        0674 00050500
        0678 00000000
        067C 05050000
     82 0680 05050000   	defb	5,5,0,0,0,5,5,0,0,0,5,5,0,0,0,5,5,0,0,0,5,5,0,0,0,5,5,0,0,0,0,0 ;52 6 SEDANS
        0684 00050500
        0688 00000505
        068C 00000005
        0690 05000000
        0694 05050000
        0698 00050500
        069C 00000000
     83 06A0 00000000   	defb	0,0,0,0,0,5,5,0,0,0,0,0,5,5,0,0,0,0,0,5,5,0,0,0,0,0,5,5,0,0,0,0	;53 4 TRACTORS
        06A4 00050500
        06A8 00000000
        06AC 05050000
        06B0 00000005
        06B4 05000000
        06B8 00000505
        06BC 00000000
     84 06C0 00000000   	defb	0,0,0,0,5,5,0,0,0,0,5,5,0,0,0,0,5,5,0,0,0,0,5,5,0,0,0,0,5,5,0,0 ;54 5 TRACTORS
        06C4 05050000
        06C8 00000505
        06CC 00000000
        06D0 05050000
        06D4 00000505
        06D8 00000000
        06DC 05050000
     85 06E0 00000000   	defb	0,0,0,0,0,0,0,0,0,0,0,0,0,0,0,0,0,0,0,0,0,0,0,0,0,5,5,0,0,0,5,5 ;55 2 RACE CARS
        06E4 00000000
        06E8 00000000
        06EC 00000000
        06F0 00000000
        06F4 00000000
        06F8 00050500
        06FC 00000505
     86 0700 00000000   	defb	0,0,0,0,0,0,0,0,0,0,0,0,0,0,0,0,0,0,0,0,0,5,5,0,0,0,0,0,0,0,5,5 ;56 2 RACE CARS
        0704 00000000
        0708 00000000
        070C 00000000
        0710 00000000
        0714 00050500
        0718 00000000
        071C 00000505
     87 0720 00000000   	defb	0,0,0,0,0,0,0,0,0,0,0,0,0,0,0,0,0,0,5,5,0,0,0,0,5,5,0,0,0,0,5,5 ;57 3 RACE CARS
        0724 00000000
        0728 00000000
        072C 00000000
        0730 00000505
        0734 00000000
        0738 05050000
        073C 00000505
     88 0740 00000000   	defb	0,0,0,0,0,0,0,0,0,0,0,0,0,0,5,5,0,0,0,0,0,0,0,0,0,0,0,0,0,0,5,5 ;58 2 RACE CARS
        0744 00000000



         SM85 Assembler V1.10            Wed Dec 16 09:23:30 1998  Page   10


        0748 00000000
        074C 00000505
        0750 00000000
        0754 00000000
        0758 00000000
        075C 00000505
     89 0760 00000000   	defb	0,0,0,0,0,0,5,5,0,0,0,0,0,0,5,5,0,0,0,0,0,0,5,5,0,0,0,0,0,0,5,5 ;59 4 RACE CARS
        0764 00000505
        0768 00000000
        076C 00000505
        0770 00000000
        0774 00000505
        0778 00000000
        077C 00000505
     90 0780 00000000   	defb	0,0,0,0,0,0,0,0,0,0,0,0,0,0,0,0,0,0,0,0,0,5,5,0,0,0,0,0,0,0,5,5 ;60 2 RACE CARS
        0784 00000000
        0788 00000000
        078C 00000000
        0790 00000000
        0794 00050500
        0798 00000000
        079C 00000505
     91 07A0 00000000   	defb	0,0,0,0,0,0,0,0,0,0,0,0,0,0,0,0,0,0,5,5,0,0,0,0,5,5,0,0,0,0,5,5 ;61 3 RACE CARS
        07A4 00000000
        07A8 00000000
        07AC 00000000
        07B0 00000505
        07B4 00000000
        07B8 05050000
        07BC 00000505
     92 07C0 00000000   	defb	0,0,0,0,0,0,0,0,0,0,0,0,0,0,5,5,0,0,0,0,0,0,0,0,0,0,0,0,0,0,5,5 ;62 2 RACE CARS
        07C4 00000000
        07C8 00000000
        07CC 00000505
        07D0 00000000
        07D4 00000000
        07D8 00000000
        07DC 00000505
     93 07E0 00000000   	defb	0,0,0,0,0,0,5,5,0,0,0,0,0,0,5,5,0,0,0,0,0,0,5,5,0,0,0,0,0,0,5,5 ;63 4 RACE CARS	END OF PAGE 3
        07E4 00000505
        07E8 00000000
        07EC 00000505
        07F0 00000000
        07F4 00000505
        07F8 00000000
        07FC 00000505
     94 0800 01010101   	defb	1,1,1,1,1,1,4,4,4,4,4,1,1,1,1,1,1,4,4,4,4,4,1,1,1,1,1,1,4,4,4,4 ;64 3 SETS 3 TURTLES SART OF PAGE 4
        0804 01010404
        0808 04040401
        080C 01010101
        0810 01040404
        0814 04040101
        0818 01010101
        081C 04040404
     95 0820 01010101   	defb	1,1,1,1,1,1,4,4,4,4,4,1,1,1,1,1,1,4,4,4,4,4,1,1,1,1,1,1,4,4,4,4 ;65 



         SM85 Assembler V1.10            Wed Dec 16 09:23:30 1998  Page   11


        0824 01010404
        0828 04040401
        082C 01010101
        0830 01040404
        0834 04040101
        0838 01010101
        083C 04040404
     96 0840 01010101   	defb	1,1,1,1,1,1,4,4,4,4,4,4,4,4,4,4,4,4,4,4,4,4,1,1,1,1,1,1,4,4,4,4 ;66 
        0844 01010404
        0848 04040404
        084C 04040404
        0850 04040404
        0854 04040101
        0858 01010101
        085C 04040404
     97 0860 01010101   	defb	1,1,1,1,1,1,4,4,4,4,4,4,4,4,4,4,4,4,4,4,4,4,1,1,1,1,1,1,4,4,4,4 ;67 
        0864 01010404
        0868 04040404
        086C 04040404
        0870 04040404
        0874 04040101
        0878 01010101
        087C 04040404
     98 0880 01010101   	defb	1,1,1,1,1,1,4,4,4,4,4,4,4,4,4,4,4,4,4,4,4,4,1,1,1,1,1,1,4,4,4,4 ;68
        0884 01010404
        0888 04040404
        088C 04040404
        0890 04040404
        0894 04040101
        0898 01010101
        089C 04040404
     99 08A0 01010101   	defb	1,1,1,1,1,1,4,4,4,4,4,1,1,1,1,1,1,4,4,4,4,4,1,1,1,1,1,1,4,4,4,4 ;69 
        08A4 01010404
        08A8 04040401
        08AC 01010101
        08B0 01040404
        08B4 04040101
        08B8 01010101
        08BC 04040404
    100 08C0 01010101   	defb	1,1,1,1,4,4,1,1,1,1,4,4,1,1,1,1,4,4,1,1,1,1,4,4,4,1,1,1,1,4,4,4 ;70 5 SETS 2 TURTLES
        08C4 04040101
        08C8 01010404
        08CC 01010101
        08D0 04040101
        08D4 01010404
        08D8 04010101
        08DC 01040404
    101 08E0 01010101   	defb	1,1,1,1,4,4,1,1,1,1,4,4,1,1,1,1,4,4,1,1,1,1,4,4,4,1,1,1,1,4,4,4 ;71 
        08E4 04040101
        08E8 01010404
        08EC 01010101
        08F0 04040101
        08F4 01010404
        08F8 04010101
        08FC 01040404



         SM85 Assembler V1.10            Wed Dec 16 09:23:30 1998  Page   12


    102 0900 01010101   	defb	1,1,1,1,4,4,4,4,4,4,4,4,1,1,1,1,4,4,4,4,4,4,4,4,4,1,1,1,1,4,4,4 ;72 
        0904 04040404
        0908 04040404
        090C 01010101
        0910 04040404
        0914 04040404
        0918 04010101
        091C 01040404
    103 0920 01010101   	defb	1,1,1,1,4,4,4,4,4,4,4,4,1,1,1,1,4,4,4,4,4,4,4,4,4,1,1,1,1,4,4,4 ;73 
        0924 04040404
        0928 04040404
        092C 01010101
        0930 04040404
        0934 04040404
        0938 04010101
        093C 01040404
    104 0940 01010101   	defb	1,1,1,1,4,4,4,4,4,4,4,4,1,1,1,1,4,4,4,4,4,4,4,4,4,1,1,1,1,4,4,4 ;74 
        0944 04040404
        0948 04040404
        094C 01010101
        0950 04040404
        0954 04040404
        0958 04010101
        095C 01040404
    105 0960 01010101   	defb	1,1,1,1,4,4,1,1,1,1,4,4,1,1,1,1,4,4,1,1,1,1,4,4,4,1,1,1,1,4,4,4 ;75 
        0964 04040101
        0968 01010404
        096C 01010101
        0970 04040101
        0974 01010404
        0978 04010101
        097C 01040404
    106 0980 01010101   	defb	1,1,1,1,1,1,4,4,4,1,1,1,1,1,1,4,4,1,1,1,1,1,1,4,4,1,1,1,1,4,4,4 ;76 ALLEGATOR & LILLY PADS
        0984 01010404
        0988 04010101
        098C 01010104
        0990 04010101
        0994 01010104
        0998 04010101
        099C 01040404
    107 09A0 01010101   	defb	1,1,1,1,1,1,4,4,4,1,1,1,1,A,A,4,4,1,1,1,1,1,1,4,4,1,1,1,1,4,4,4 ;77 
        09A4 01010404
        09A8 04010101
        09AC 010A0A04
        09B0 04010101
        09B4 01010104
        09B8 04010101
        09BC 01040404
    108 09C0 01010101   	defb	1,1,1,1,1,1,4,4,4,1,1,1,1,1,1,4,4,1,1,1,1,1,1,4,1,1,1,1,1,1,4,4 ;78 2 GATORS AND LILLY PADS
        09C4 01010404
        09C8 04010101
        09CC 01010104
        09D0 04010101
        09D4 01010104
        09D8 01010101



         SM85 Assembler V1.10            Wed Dec 16 09:23:30 1998  Page   13


        09DC 01010404
    109 09E0 01010101   	defb	1,1,1,1,1,1,4,4,4,1,1,1,1,A,A,4,4,1,1,1,1,1,1,4,1,1,1,1,A,A,4,4 ;79 		end of page 4
        09E4 01010404
        09E8 04010101
        09EC 010A0A04
        09F0 04010101
        09F4 01010104
        09F8 01010101
        09FC 0A0A0404
    110 0A00 01010101   	defb	1,1,1,1,1,1,4,4,4,4,4,4,4,4,4,4,4,1,1,1,1,1,1,4,4,4,4,4,4,4,4,4 ;80 2 SETS 3 TURTLES	start of page 5
        0A04 01010404
        0A08 04040404
        0A0C 04040404
        0A10 04010101
        0A14 01010104
        0A18 04040404
        0A1C 04040404
    111 0A20 01010101   	defb	1,1,1,1,1,1,4,4,4,4,4,4,4,4,4,4,4,1,1,1,1,1,1,4,4,4,4,4,4,4,4,4 ;81 
        0A24 01010404
        0A28 04040404
        0A2C 04040404
        0A30 04010101
        0A34 01010104
        0A38 04040404
        0A3C 04040404
    112 0A40 01010101   	defb	1,1,1,1,1,1,4,4,4,4,4,4,4,4,4,4,4,4,4,4,4,4,4,4,4,4,4,4,4,4,4,4 ;82 
        0A44 01010404
        0A48 04040404
        0A4C 04040404
        0A50 04040404
        0A54 04040404
        0A58 04040404
        0A5C 04040404
    113 0A60 01010101   	defb	1,1,1,1,1,1,4,4,4,4,4,4,4,4,4,4,4,4,4,4,4,4,4,4,4,4,4,4,4,4,4,4 ;83 
        0A64 01010404
        0A68 04040404
        0A6C 04040404
        0A70 04040404
        0A74 04040404
        0A78 04040404
        0A7C 04040404
    114 0A80 01010101   	defb	1,1,1,1,1,1,4,4,4,4,4,4,4,4,4,4,4,4,4,4,4,4,4,4,4,4,4,4,4,4,4,4 ;84 
        0A84 01010404
        0A88 04040404
        0A8C 04040404
        0A90 04040404
        0A94 04040404
        0A98 04040404
        0A9C 04040404
    115 0AA0 01010101   	defb	1,1,1,1,1,1,4,4,4,4,4,4,4,4,4,4,4,1,1,1,1,1,1,4,4,4,4,4,4,4,4,4 ;85 
        0AA4 01010404
        0AA8 04040404
        0AAC 04040404
        0AB0 04010101
        0AB4 01010104



         SM85 Assembler V1.10            Wed Dec 16 09:23:30 1998  Page   14


        0AB8 04040404
        0ABC 04040404
    116 0AC0 01010101   	defb	1,1,1,1,4,4,4,4,4,4,4,1,1,1,1,4,4,4,4,4,4,1,1,1,1,4,4,4,4,4,4,4 ;86 3 SETS 2 TURTLES
        0AC4 04040404
        0AC8 04040401
        0ACC 01010104
        0AD0 04040404
        0AD4 04010101
        0AD8 01040404
        0ADC 04040404
    117 0AE0 01010101   	defb	1,1,1,1,4,4,4,4,4,4,4,1,1,1,1,4,4,4,4,4,4,1,1,1,1,4,4,4,4,4,4,4 ;87 
        0AE4 04040404
        0AE8 04040401
        0AEC 01010104
        0AF0 04040404
        0AF4 04010101
        0AF8 01040404
        0AFC 04040404
    118 0B00 01010101   	defb	1,1,1,1,4,4,4,4,4,4,4,4,4,4,4,4,4,4,4,4,4,1,1,1,1,4,4,4,4,4,4,4 ;88 
        0B04 04040404
        0B08 04040404
        0B0C 04040404
        0B10 04040404
        0B14 04010101
        0B18 01040404
        0B1C 04040404
    119 0B20 01010101   	defb	1,1,1,1,4,4,4,4,4,4,4,4,4,4,4,4,4,4,4,4,4,1,1,1,1,4,4,4,4,4,4,4 ;89 
        0B24 04040404
        0B28 04040404
        0B2C 04040404
        0B30 04040404
        0B34 04010101
        0B38 01040404
        0B3C 04040404
    120 0B40 01010101   	defb	1,1,1,1,4,4,4,4,4,4,4,4,4,4,4,4,4,4,4,4,4,1,1,1,1,4,4,4,4,4,4,4 ;90 
        0B44 04040404
        0B48 04040404
        0B4C 04040404
        0B50 04040404
        0B54 04010101
        0B58 01040404
        0B5C 04040404
    121 0B60 01010101   	defb	1,1,1,1,4,4,4,4,4,4,4,1,1,1,1,4,4,4,4,4,4,1,1,1,1,4,4,4,4,4,4,4 ;91 
        0B64 04040404
        0B68 04040401
        0B6C 01010104
        0B70 04040404
        0B74 04010101
        0B78 01040404
        0B7C 04040404
    122 0B80 04010101   	defb	4,1,1,1,1,1,1,4,4,4,4,1,1,1,1,4,4,4,1,1,1,1,1,1,4,4,1,1,1,1,4,4 ;92 VARIOUS LILLY PADS & LOGS
        0B84 01010104
        0B88 04040401
        0B8C 01010104
        0B90 04040101



         SM85 Assembler V1.10            Wed Dec 16 09:23:30 1998  Page   15


        0B94 01010101
        0B98 04040101
        0B9C 01010404
    123 0BA0 04010101   	defb	4,1,1,1,1,1,1,4,4,4,4,1,1,1,1,4,4,4,1,1,1,1,1,1,4,4,1,1,1,1,4,4 ;93 
        0BA4 01010104
        0BA8 04040401
        0BAC 01010104
        0BB0 04040101
        0BB4 01010101
        0BB8 04040101
        0BBC 01010404
    124 0BC0 04010101   	defb	4,1,1,1,1,1,1,4,4,4,4,1,1,1,1,4,4,4,1,1,1,1,1,1,4,4,4,4,4,4,4,4 ;94 
        0BC4 01010104
        0BC8 04040401
        0BCC 01010104
        0BD0 04040101
        0BD4 01010101
        0BD8 04040404
        0BDC 04040404
    125 0BE0 04010101   	defb	4,1,1,1,1,4,4,4,4,1,1,1,1,4,4,4,4,1,1,1,1,4,4,4,4,1,1,1,1,4,4,4 ;95 END OF PAGE 5
        0BE4 01040404
        0BE8 04010101
        0BEC 01040404
        0BF0 04010101
        0BF4 01040404
        0BF8 04010101
        0BFC 01040404
    126 0C00 81888080   	defb	81h,88h,80h,80h,80h,80h,80h,80h,4,4,4,4,4,4,4,4,81h,88h,80h,80h,80h,80h,80h,80h,4,4,4,4,4,4,4,4 ;96 		START OF PAGE 6
        0C04 80808080
        0C08 04040404
        0C0C 04040404
        0C10 81888080
        0C14 80808080
        0C18 04040404
        0C1C 04040404
    127 0C20 01010101   	defb	1,1,1,1,1,1,1,4,4,4,4,4,4,4,4,4,1,1,1,1,1,1,1,4,4,4,4,4,4,4,4,4 ;97 
        0C24 01010104
        0C28 04040404
        0C2C 04040404
        0C30 01010101
        0C34 01010104
        0C38 04040404
        0C3C 04040404
    128 0C40 01010101   	defb	1,1,1,1,1,1,1,4,4,4,4,4,4,4,4,4,1,1,1,1,1,1,4,4,4,4,4,4,4,4,4,4 ;98 
        0C44 01010104
        0C48 04040404
        0C4C 04040404
        0C50 01010101
        0C54 01010404
        0C58 04040404
        0C5C 04040404
    129 0C60 01010101   	defb	1,1,1,1,1,1,1,4,4,4,4,4,4,4,4,4,1,1,1,1,A,A,4,4,4,4,4,4,4,4,4,4 ;99 
        0C64 01010104
        0C68 04040404
        0C6C 04040404



         SM85 Assembler V1.10            Wed Dec 16 09:23:30 1998  Page   16


        0C70 01010101
        0C74 0A0A0404
        0C78 04040404
        0C7C 04040404
    130 0C80 01010101   	defb	1,1,1,1,1,1,4,4,4,4,A,A,1,1,1,1,A,A,4,4,4,4,1,1,1,1,1,1,4,4,4,4 ;100
        0C84 01010404
        0C88 04040A0A
        0C8C 01010101
        0C90 0A0A0404
        0C94 04040101
        0C98 01010101
        0C9C 04040404
    131 0CA0 01010101   	defb	1,1,1,1,1,1,4,4,4,4,1,1,1,1,1,1,A,A,4,4,4,4,1,1,1,1,1,1,4,4,4,4 ;101
        0CA4 01010404
        0CA8 04040101
        0CAC 01010101
        0CB0 0A0A0404
        0CB4 04040101
        0CB8 01010101
        0CBC 04040404
    132 0CC0 01010101   	defb	1,1,1,1,1,1,4,4,4,4,A,A,1,1,1,1,A,A,4,4,4,4,1,1,1,1,1,1,4,4,4,4 ;102
        0CC4 01010404
        0CC8 04040A0A
        0CCC 01010101
        0CD0 0A0A0404
        0CD4 04040101
        0CD8 01010101
        0CDC 04040404
    133 0CE0 01010101   	defb	1,1,1,1,1,1,1,1,4,4,4,4,4,4,4,4,A,A,1,1,1,1,A,A,4,4,4,4,4,4,4,4 ;103
        0CE4 01010101
        0CE8 04040404
        0CEC 04040404
        0CF0 0A0A0101
        0CF4 01010A0A
        0CF8 04040404
        0CFC 04040404
    134 0D00 01010101   	defb	1,1,1,1,1,1,1,1,4,4,4,4,4,4,4,4,1,1,1,1,1,1,A,A,4,4,4,4,4,4,4,4 ;104
        0D04 01010101
        0D08 04040404
        0D0C 04040404
        0D10 01010101
        0D14 01010A0A
        0D18 04040404
        0D1C 04040404
    135 0D20 01010101   	defb	1,1,1,1,1,1,1,1,4,4,4,4,4,4,4,4,A,A,1,1,1,1,A,A,4,4,4,4,4,4,4,4 ;105
        0D24 01010101
        0D28 04040404
        0D2C 04040404
        0D30 0A0A0101
        0D34 01010A0A
        0D38 04040404
        0D3C 04040404
    136 0D40 01010101   	defb	1,1,1,1,1,4,4,4,1,1,1,1,1,1,4,4,4,1,1,1,1,4,4,4,1,1,1,1,1,4,4,4 ;106
        0D44 01040404
        0D48 01010101



         SM85 Assembler V1.10            Wed Dec 16 09:23:30 1998  Page   17


        0D4C 01010404
        0D50 04010101
        0D54 01040404
        0D58 01010101
        0D5C 01040404
    137 0D60 01010101   	defb	1,1,1,1,1,4,4,4,1,1,1,1,A,A,4,4,4,1,1,1,1,4,4,4,1,1,1,1,1,4,4,4 ;107
        0D64 01040404
        0D68 01010101
        0D6C 0A0A0404
        0D70 04010101
        0D74 01040404
        0D78 01010101
        0D7C 01040404
    138 0D80 01010101   	defb	1,1,1,1,1,1,4,4,1,1,1,1,1,1,4,4,1,1,1,1,1,1,4,4,1,1,1,1,1,1,4,4 ;108
        0D84 01010404
        0D88 01010101
        0D8C 01010404
        0D90 01010101
        0D94 01010404
        0D98 01010101
        0D9C 01010404
    139 0DA0 01010101   	defb	1,1,1,1,1,4,4,4,1,1,1,1,1,4,4,4,1,1,1,1,1,4,4,4,1,1,1,1,1,4,4,4 ;109
        0DA4 01040404
        0DA8 01010101
        0DAC 01040404
        0DB0 01010101
        0DB4 01040404
        0DB8 01010101
        0DBC 01040404
    140 0DC0 01010101   	defb	1,1,1,1,4,4,4,4,1,1,1,1,4,4,4,4,1,1,1,1,4,4,4,4,1,1,1,1,4,4,4,4 ;110
        0DC4 04040404
        0DC8 01010101
        0DCC 04040404
        0DD0 01010101
        0DD4 04040404
        0DD8 01010101
        0DDC 04040404
    141 0DE0 01010104   	defb	1,1,1,4,4,4,4,4,1,1,1,4,4,4,4,4,1,1,1,4,4,4,4,4,1,1,1,4,4,4,4,4 ;111		END OF PAGE 6
        0DE4 04040404
        0DE8 01010104
        0DEC 04040404
        0DF0 01010104
        0DF4 04040404
        0DF8 01010104
        0DFC 04040404
    142 0E00 04040401   	defb	4,4,4,1,1,1,1,1,1,1,4,4,4,4,4,1,1,1,1,1,1,1,4,4,4,4,4,4,4,4,4,4 ;112		START OF PAGE 7
        0E04 01010101
        0E08 01010404
        0E0C 04040401
        0E10 01010101
        0E14 01010404
        0E18 04040404
        0E1C 04040404
    143 0E20 04010101   	defb	4,1,1,1,1,1,4,4,4,1,1,1,1,1,1,4,4,4,1,1,1,1,1,4,4,4,4,4,4,4,4,4 ;113
        0E24 01010404



         SM85 Assembler V1.10            Wed Dec 16 09:23:30 1998  Page   18


        0E28 04010101
        0E2C 01010104
        0E30 04040101
        0E34 01010104
        0E38 04040404
        0E3C 04040404
    144 0E40 01040404   	defb	1,4,4,4,4,4,1,1,1,4,4,4,4,4,1,1,1,4,4,4,4,4,4,1,1,4,4,4,4,4,4,4 ;114
        0E44 04040101
        0E48 01040404
        0E4C 04040101
        0E50 01040404
        0E54 04040401
        0E58 01040404
        0E5C 04040404
    145 0E60 04040401   	defb	4,4,4,1,1,1,1,1,1,1,4,4,4,4,4,1,1,1,1,1,1,1,4,4,4,4,4,4,4,4,4,4 ;115
        0E64 01010101
        0E68 01010404
        0E6C 04040401
        0E70 01010101
        0E74 01010404
        0E78 04040404
        0E7C 04040404
    146 0E80 04010101   	defb	4,1,1,1,1,1,4,4,4,1,1,1,1,1,1,4,4,4,1,1,1,1,1,4,4,4,4,4,4,4,4,4 ;116
        0E84 01010404
        0E88 04010101
        0E8C 01010104
        0E90 04040101
        0E94 01010104
        0E98 04040404
        0E9C 04040404
    147 0EA0 01040404   	defb	1,4,4,4,4,4,1,1,1,4,4,4,4,4,1,1,1,4,4,4,4,4,4,1,1,4,4,4,4,4,4,4 ;117
        0EA4 04040101
        0EA8 01040404
        0EAC 04040101
        0EB0 01040404
        0EB4 04040401
        0EB8 01040404
        0EBC 04040404
    148 0EC0 04040401   	defb	4,4,4,1,1,1,1,1,1,1,4,4,4,4,4,1,1,1,1,1,1,1,4,4,4,4,4,4,4,4,4,4 ;118
        0EC4 01010101
        0EC8 01010404
        0ECC 04040401
        0ED0 01010101
        0ED4 01010404
        0ED8 04040404
        0EDC 04040404
    149 0EE0 01040404   	defb	1,4,4,4,4,4,1,1,1,4,4,4,4,4,1,1,1,4,4,4,4,4,4,1,1,4,4,4,4,4,4,4 ;119
        0EE4 04040101
        0EE8 01040404
        0EEC 04040101
        0EF0 01040404
        0EF4 04040401
        0EF8 01040404
        0EFC 04040404
    150 0F00 04040401   	defb	4,4,4,1,1,1,1,1,1,1,4,4,4,4,4,1,1,1,1,1,1,1,4,4,4,4,4,4,4,4,4,4 ;120



         SM85 Assembler V1.10            Wed Dec 16 09:23:30 1998  Page   19


        0F04 01010101
        0F08 01010404
        0F0C 04040401
        0F10 01010101
        0F14 01010404
        0F18 04040404
        0F1C 04040404
    151 0F20 04040401   	defb	4,4,4,1,1,1,1,1,1,1,4,4,4,4,4,1,1,1,1,1,1,1,4,4,4,4,4,4,4,4,4,4 ;121
        0F24 01010101
        0F28 01010404
        0F2C 04040401
        0F30 01010101
        0F34 01010404
        0F38 04040404
        0F3C 04040404
    152 0F40 04040401   	defb	4,4,4,1,1,1,1,1,1,1,4,4,4,4,4,1,1,1,1,1,1,1,4,4,4,4,4,4,4,4,4,4 ;122
        0F44 01010101
        0F48 01010404
        0F4C 04040401
        0F50 01010101
        0F54 01010404
        0F58 04040404
        0F5C 04040404
    153 0F60 04010101   	defb	4,1,1,1,1,1,4,4,4,1,1,1,1,1,1,4,4,4,1,1,1,1,1,4,4,4,4,4,4,4,4,4 ;123
        0F64 01010404
        0F68 04010101
        0F6C 01010104
        0F70 04040101
        0F74 01010104
        0F78 04040404
        0F7C 04040404
    154 0F80 01040404   	defb	1,4,4,4,4,4,1,1,1,4,4,4,4,4,1,1,1,4,4,4,4,4,4,1,1,4,4,4,4,4,4,4 ;124
        0F84 04040101
        0F88 01040404
        0F8C 04040101
        0F90 01040404
        0F94 04040401
        0F98 01040404
        0F9C 04040404
    155 0FA0 04040401   	defb	4,4,4,1,1,1,1,1,1,1,4,4,4,4,4,1,1,1,1,1,1,1,4,4,4,4,4,4,4,4,4,4 ;125
        0FA4 01010101
        0FA8 01010404
        0FAC 04040401
        0FB0 01010101
        0FB4 01010404
        0FB8 04040404
        0FBC 04040404
    156 0FC0 04010101   	defb	4,1,1,1,1,1,4,4,4,1,1,1,1,1,1,4,4,4,1,1,1,1,1,4,4,4,4,4,4,4,4,4 ;126
        0FC4 01010404
        0FC8 04010101
        0FCC 01010104
        0FD0 04040101
        0FD4 01010104
        0FD8 04040404
        0FDC 04040404



         SM85 Assembler V1.10            Wed Dec 16 09:23:30 1998  Page   20


    157 0FE0 01040404   	defb	1,4,4,4,4,4,1,1,1,4,4,4,4,4,1,1,1,4,4,4,4,4,4,1,1,4,4,4,4,4,4,4 ;127		END OF PAGE 7
        0FE4 04040101
        0FE8 01040404
        0FEC 04040101
        0FF0 01040404
        0FF4 04040401
        0FF8 01040404
        0FFC 04040404
    158 1000 04040401   	defb	4,4,4,1,1,1,1,1,1,1,4,4,4,4,4,1,1,1,1,1,1,1,4,4,4,4,4,4,4,4,4,4 ;128		START OF PAGE 8
        1004 01010101
        1008 01010404
        100C 04040401
        1010 01010101
        1014 01010404
        1018 04040404
        101C 04040404
    159 1020 01040404   	defb	1,4,4,4,4,4,1,1,1,4,4,4,4,4,1,1,1,4,4,4,4,4,4,1,1,4,4,4,4,4,4,4 ;129
        1024 04040101
        1028 01040404
        102C 04040101
        1030 01040404
        1034 04040401
        1038 01040404
        103C 04040404
    160 1040 04040401   	defb	4,4,4,1,1,1,1,1,1,1,4,4,4,4,4,1,1,1,1,1,1,1,4,4,4,4,4,4,4,4,4,4 ;130
        1044 01010101
        1048 01010404
        104C 04040401
        1050 01010101
        1054 01010404
        1058 04040404
        105C 04040404
    161 1060 04040401   	defb	4,4,4,1,1,1,1,1,1,1,4,4,4,4,4,1,1,1,1,1,1,1,4,4,4,4,4,4,4,4,4,4 ;131
        1064 01010101
        1068 01010404
        106C 04040401
        1070 01010101
        1074 01010404
        1078 04040404
        107C 04040404
    162 1080 04040401   	defb	4,4,4,1,1,1,1,1,1,1,4,4,4,4,4,1,1,1,1,1,1,1,4,4,4,4,4,4,4,4,4,4 ;132
        1084 01010101
        1088 01010404
        108C 04040401
        1090 01010101
        1094 01010404
        1098 04040404
        109C 04040404
    163 10A0 04010101   	defb	4,1,1,1,1,1,4,4,4,1,1,1,1,1,1,4,4,4,1,1,1,1,1,4,4,4,4,4,4,4,4,4 ;133
        10A4 01010404
        10A8 04010101
        10AC 01010104
        10B0 04040101
        10B4 01010104
        10B8 04040404



         SM85 Assembler V1.10            Wed Dec 16 09:23:30 1998  Page   21


        10BC 04040404
    164 10C0 01040404   	defb	1,4,4,4,4,4,1,1,1,4,4,4,4,4,1,1,1,4,4,4,4,4,4,1,1,4,4,4,4,4,4,4 ;134
        10C4 04040101
        10C8 01040404
        10CC 04040101
        10D0 01040404
        10D4 04040401
        10D8 01040404
        10DC 04040404
    165 10E0 04040401   	defb	4,4,4,1,1,1,1,1,1,1,4,4,4,4,4,1,1,1,1,1,1,1,4,4,4,4,4,4,4,4,4,4 ;135
        10E4 01010101
        10E8 01010404
        10EC 04040401
        10F0 01010101
        10F4 01010404
        10F8 04040404
        10FC 04040404
    166 1100 04010101   	defb	4,1,1,1,1,1,4,4,4,1,1,1,1,1,1,4,4,4,1,1,1,1,1,4,4,4,4,4,4,4,4,4 ;136
        1104 01010404
        1108 04010101
        110C 01010104
        1110 04040101
        1114 01010104
        1118 04040404
        111C 04040404
    167 1120 01040404   	defb	1,4,4,4,4,4,1,1,1,4,4,4,4,4,1,1,1,4,4,4,4,4,4,1,1,4,4,4,4,4,4,4 ;137
        1124 04040101
        1128 01040404
        112C 04040101
        1130 01040404
        1134 04040401
        1138 01040404
        113C 04040404
    168 1140 04040401   	defb	4,4,4,1,1,1,1,1,1,1,4,4,4,4,4,1,1,1,1,1,1,1,4,4,4,4,4,4,4,4,4,4 ;138
        1144 01010101
        1148 01010404
        114C 04040401
        1150 01010101
        1154 01010404
        1158 04040404
        115C 04040404
    169 1160 01040404   	defb	1,4,4,4,4,4,1,1,1,4,4,4,4,4,1,1,1,4,4,4,4,4,4,1,1,4,4,4,4,4,4,4 ;139
        1164 04040101
        1168 01040404
        116C 04040101
        1170 01040404
        1174 04040401
        1178 01040404
        117C 04040404
    170 1180 04040401   	defb	4,4,4,1,1,1,1,1,1,1,4,4,4,4,4,1,1,1,1,1,1,1,4,4,4,4,4,4,4,4,4,4 ;140
        1184 01010101
        1188 01010404
        118C 04040401
        1190 01010101
        1194 01010404



         SM85 Assembler V1.10            Wed Dec 16 09:23:30 1998  Page   22


        1198 04040404
        119C 04040404
    171 11A0 04040401   	defb	4,4,4,1,1,1,1,1,1,1,4,4,4,4,4,1,1,1,1,1,1,1,4,4,4,4,4,4,4,4,4,4 ;141
        11A4 01010101
        11A8 01010404
        11AC 04040401
        11B0 01010101
        11B4 01010404
        11B8 04040404
        11BC 04040404
    172 11C0 04040401   	defb	4,4,4,1,1,1,1,1,1,1,4,4,4,4,4,1,1,1,1,1,1,1,4,4,4,4,4,4,4,4,4,4 ;142
        11C4 01010101
        11C8 01010404
        11CC 04040401
        11D0 01010101
        11D4 01010404
        11D8 04040404
        11DC 04040404
    173 11E0 04010101   	defb	4,1,1,1,1,1,4,4,4,1,1,1,1,1,1,4,4,4,1,1,1,1,1,4,4,4,4,4,4,4,4,4 ;143		END OF PAGE 8
        11E4 01010404
        11E8 04010101
        11EC 01010104
        11F0 04040101
        11F4 01010104
        11F8 04040404
        11FC 04040404
    174                 ;	defb	1,4,4,4,4,4,1,1,1,4,4,4,4,4,1,1,1,4,4,4,4,4,4,1,1,4,4,4,4,4,4,4 ;144		START OF PAGE 9
    175                 ;	defb	4,4,4,1,1,1,1,1,1,1,4,4,4,4,4,1,1,1,1,1,1,1,4,4,4,4,4,4,4,4,4,4 ;145
    176                 ;	defb	4,1,1,1,1,1,4,4,4,1,1,1,1,1,1,4,4,4,1,1,1,1,1,4,4,4,4,4,4,4,4,4 ;146
    177                 ;	defb	1,4,4,4,4,4,1,1,1,4,4,4,4,4,1,1,1,4,4,4,4,4,4,1,1,4,4,4,4,4,4,4 ;147
    178                 ;	defb	4,4,4,1,1,1,1,1,1,1,4,4,4,4,4,1,1,1,1,1,1,1,4,4,4,4,4,4,4,4,4,4 ;148
    179                 ;	defb	1,4,4,4,4,4,1,1,1,4,4,4,4,4,1,1,1,4,4,4,4,4,4,1,1,4,4,4,4,4,4,4 ;149
    180                 ;	defb	4,4,4,1,1,1,1,1,1,1,4,4,4,4,4,1,1,1,1,1,1,1,4,4,4,4,4,4,4,4,4,4 ;150
    181                 ;	defb	4,4,4,1,1,1,1,1,1,1,4,4,4,4,4,1,1,1,1,1,1,1,4,4,4,4,4,4,4,4,4,4 ;151
    182                 ;	defb	4,4,4,1,1,1,1,1,1,1,4,4,4,4,4,1,1,1,1,1,1,1,4,4,4,4,4,4,4,4,4,4 ;152
    183                 ;	defb	4,1,1,1,1,1,4,4,4,1,1,1,1,1,1,4,4,4,1,1,1,1,1,4,4,4,4,4,4,4,4,4 ;153
    184                 ;	defb	1,4,4,4,4,4,1,1,1,4,4,4,4,4,1,1,1,4,4,4,4,4,4,1,1,4,4,4,4,4,4,4 ;154
    185                 ;	defb	4,4,4,1,1,1,1,1,1,1,4,4,4,4,4,1,1,1,1,1,1,1,4,4,4,4,4,4,4,4,4,4 ;155
    186                 ;	defb	4,1,1,1,1,1,4,4,4,1,1,1,1,1,1,4,4,4,1,1,1,1,1,4,4,4,4,4,4,4,4,4 ;156
    187                 ;	defb	1,4,4,4,4,4,1,1,1,4,4,4,4,4,1,1,1,4,4,4,4,4,4,1,1,4,4,4,4,4,4,4 ;157
    188                 ;	defb	4,4,4,1,1,1,1,1,1,1,4,4,4,4,4,1,1,1,1,1,1,1,4,4,4,4,4,4,4,4,4,4 ;158
    189                 ;	defb	1,4,4,4,4,4,1,1,1,4,4,4,4,4,1,1,1,4,4,4,4,4,4,1,1,4,4,4,4,4,4,4 ;159		END OF PAGE 9
    190                 ;	defb	4,4,4,1,1,1,1,1,1,1,4,4,4,4,4,1,1,1,1,1,1,1,4,4,4,4,4,4,4,4,4,4 ;160		START OF PAGE 10
    191                 ;	defb	4,4,4,1,1,1,1,1,1,1,4,4,4,4,4,1,1,1,1,1,1,1,4,4,4,4,4,4,4,4,4,4 ;161
    192                 ;	defb	4,4,4,1,1,1,1,1,1,1,4,4,4,4,4,1,1,1,1,1,1,1,4,4,4,4,4,4,4,4,4,4 ;162
    193                 ;	defb	4,1,1,1,1,1,4,4,4,1,1,1,1,1,1,4,4,4,1,1,1,1,1,4,4,4,4,4,4,4,4,4 ;163
    194                 ;	defb	1,4,4,4,4,4,1,1,1,4,4,4,4,4,1,1,1,4,4,4,4,4,4,1,1,4,4,4,4,4,4,4 ;164
    195                 ;	defb	4,4,4,1,1,1,1,1,1,1,4,4,4,4,4,1,1,1,1,1,1,1,4,4,4,4,4,4,4,4,4,4 ;165
    196                 ;	defb	4,1,1,1,1,1,4,4,4,1,1,1,1,1,1,4,4,4,1,1,1,1,1,4,4,4,4,4,4,4,4,4 ;166
    197                 ;	defb	1,4,4,4,4,4,1,1,1,4,4,4,4,4,1,1,1,4,4,4,4,4,4,1,1,4,4,4,4,4,4,4 ;167
    198                 ;	defb	4,4,4,1,1,1,1,1,1,1,4,4,4,4,4,1,1,1,1,1,1,1,4,4,4,4,4,4,4,4,4,4 ;168
    199                 ;	defb	1,4,4,4,4,4,1,1,1,4,4,4,4,4,1,1,1,4,4,4,4,4,4,1,1,4,4,4,4,4,4,4 ;169
    200                 ;	defb	4,4,4,1,1,1,1,1,1,1,4,4,4,4,4,1,1,1,1,1,1,1,4,4,4,4,4,4,4,4,4,4 ;170
    201                 
    202 1200             END
