


Statisti SM8521 Assembler V1.10            Wed Dec 23 17:35:37 1998  Page    1


      1                 	title   Statistics1
      2                 	type    8521
      3                 
      4                 
      5                 ;ASB	include frogger.tmp
      6                 ;ASB
      7                 ;ASB	global  team_pids
      8                 ;ASB	global  team_namesF
      9                 ;ASB	global  team_namesL
     10                 ;ASB	global  teamlogo_table
     11                 ;ASB
     12                 ;ASB;Team info (player IDs padded to 16 each)
     13                 ;ASBteam_pids:
     14                 ;ASB       defw     6, 21, 31, 43, 74, 75,139,155,198,236,251,287,330,   0,  0,  0
     15                 ;ASB       defw      8, 20, 36, 91,102,111,146,183,186,195,225,233,241,347,363,  0
     16                 ;ASB       defw     13, 25, 80, 95,130,222,276,290,294,314,373,384,  0,  0,  0,  0
     17                 ;ASB       defw     35, 45, 49, 51,150,188,191,197,200,208,279,307,325,372,  0,  0
     18                 ;ASB       defw      9, 40, 53,116,154,170,176,190,196,275,284,346,352,  0,  0,  0
     19                 ;ASB       defw     11, 38, 63, 82, 89,117,141,253,266,289,292,298,344,353,362,  0
     20                 ;ASB       defw      4,108,109,119,127,133,172,201,255,339,356,368,392,396,  0,  0
     21                 ;ASB       defw     99,157,159,168,207,212,243,256,280,291,306,321,335,382,387,  0
     22                 ;ASB       defw     33, 54, 71, 83, 94,115,122,123,140,175,211,216,219,333,334,369
     23                 ;ASB       defw     19, 50, 97,106,151,182,184,215,260,285,293,309,400,  0,  0,  0
     24                 ;ASB       defw     29, 34, 76, 86, 88,161,173,230,238,246,282,313,331,374,397,  0
     25                 ;ASB       defw     17, 69, 72,220,250,277,295,302,308,329,349,360,361,398,  0,  0
     26                 ;ASB       defw     22, 24, 27, 32, 48, 57,118,121,164,185,257,311,320,  0,  0,  0
     27                 ;ASB       defw     15, 23, 42, 62, 73,147,204,213,221,239,245,247,342,  0,  0,  0
     28                 ;ASB       defw      5, 39, 81,114,132,142,160,162,177,199,273,278,305,  0,  0,  0
     29                 ;ASB       defw     59, 79,126,138,143,145,187,218,242,268,270,283,299,376,388,  0
     30                 ;ASB       defw     55, 60, 96,112,128,131,152,194,322,357,358,380,  0,  0,  0,  0
     31                 ;ASB       defw     37, 67, 78, 90, 98,113,165,178,240,336,367,385,  0,  0,  0,  0
     32                 ;ASB       defw     10, 14, 28,104,134,148,149,202,261,263,317,345,348,378,  0,  0
     33                 ;ASB       defw     26, 70, 87,171,231,264,267,286,324,327,332,338,350,379,  0,  0
     34                 ;ASB       defw     41, 47, 64,180,193,217,226,227,234,235,252,300,319,371,381,  0
     35                 ;ASB       defw     16, 46, 61, 77,136,137,205,258,297,310,316,341,364,386,  0,  0
     36                 ;ASB       defw      1,  2, 92,124,156,181,265,281,304,337,370,393,  0,  0,  0,  0
     37                 ;ASB       defw     52, 93,100,107,129,158,174,179,206,271,274,301,312,390,  0,  0
     38                 ;ASB       defw     12, 18,110,153,167,192,229,232,269,272,318,383,395,  0,  0,  0
     39                 ;ASB       defw     30, 44, 56, 68,125,228,237,259,326,351,355,365,389,394,399,  0
     40                 ;ASB       defw      7, 58,105,120,163,189,214,244,262,315,340,359,  0,  0,  0,  0
     41                 ;ASB       defw      3, 66, 84,103,169,209,210,223,224,254,288,303,328,375,  0,  0
     42                 ;ASB       defw     65, 85,101,135,144,166,203,248,249,296,323,343,354,366,377,391
     43                 ;ASB
     44                 ;ASB
     45                 ;ASB;padded to 13
     46                 ;ASBteam_namesF:
     47                 ;ASB       defm    'ATLANTA'
     48                 ;ASB       defb    0,0,0,0,0,0
     49                 ;ASB       defm    'BOSTON'
     50                 ;ASB       defb    0,0,0,0,0,0,0
     51                 ;ASB       defm    'CHARLOTTE'
     52                 ;ASB       defb    0,0,0,0
     53                 ;ASB       defm    'CHICAGO'
     54                 ;ASB       defb    0,0,0,0,0,0
     55                 ;ASB       defm    'CLEVELAND'



Statisti SM8521 Assembler V1.10            Wed Dec 23 17:35:37 1998  Page    2


     56                 ;ASB       defb    0,0,0,0
     57                 ;ASB       defm    'DALLAS'
     58                 ;ASB       defb    0,0,0,0,0,0,0
     59                 ;ASB       defm    'DENVER'
     60                 ;ASB       defb    0,0,0,0,0,0,0
     61                 ;ASB       defm    'DETROIT'
     62                 ;ASB       defb    0,0,0,0,0,0
     63                 ;ASB       defm    'GOLDEN STATE'
     64                 ;ASB       defb    0
     65                 ;ASB       defm    'HOUSTON'
     66                 ;ASB       defb    0,0,0,0,0,0
     67                 ;ASB       defm    'INDIANA'
     68                 ;ASB       defb    0,0,0,0,0,0
     69                 ;ASB       defm    'LOS ANGELES'
     70                 ;ASB       defb    0,0
     71                 ;ASB       defm    'LOS ANGELES'
     72                 ;ASB       defb    0,0
     73                 ;ASB       defm    'MIAMI'
     74                 ;ASB       defb    0,0,0,0,0,0,0,0
     75                 ;ASB       defm    'MILWAUKEE'
     76                 ;ASB       defb    0,0,0,0
     77                 ;ASB       defm    'MINNESOTA'
     78                 ;ASB       defb    0,0,0,0
     79                 ;ASB       defm    'NEW JERSEY'
     80                 ;ASB       defb    0,0,0
     81                 ;ASB       defm    'NEW YORK'
     82                 ;ASB       defb    0,0,0,0,0
     83                 ;ASB       defm    'ORLANDO'
     84                 ;ASB       defb    0,0,0,0,0,0
     85                 ;ASB       defm    'PHILIDELPHIA'
     86                 ;ASB       defb    0
     87                 ;ASB       defm    'PHOENIX'
     88                 ;ASB       defb    0,0,0,0,0,0
     89                 ;ASB       defm    'PORTLAND'
     90                 ;ASB       defb    0,0,0,0,0
     91                 ;ASB       defm    'SACRAMENTO'
     92                 ;ASB       defb    0,0,0
     93                 ;ASB       defm    'SAN ANTONIO'
     94                 ;ASB       defb    0,0
     95                 ;ASB       defm    'SEATTLE'
     96                 ;ASB       defb    0,0,0,0,0,0
     97                 ;ASB       defm    'TORONTO'
     98                 ;ASB       defb    0,0,0,0,0,0
     99                 ;ASB       defm    'UTAH'
    100                 ;ASB       defb    0,0,0,0,0,0,0,0,0
    101                 ;ASB       defm    'VANCOUVER'
    102                 ;ASB       defb    0,0,0,0
    103                 ;ASB       defm    'WASHINGTON'
    104                 ;ASB       defb    0,0,0
    105                 ;ASB
    106                 ;ASB
    107                 ;ASB;padded to 13
    108                 ;ASBteam_namesL:
    109                 ;ASB       defm    'HAWKS'
    110                 ;ASB       defb    0,0,0,0,0,0,0,0



Statisti SM8521 Assembler V1.10            Wed Dec 23 17:35:37 1998  Page    3


    111                 ;ASB       defm    'CELTICS'
    112                 ;ASB       defb    0,0,0,0,0,0
    113                 ;ASB       defm    'HORNETS'
    114                 ;ASB       defb    0,0,0,0,0,0
    115                 ;ASB       defm    'BULLS'
    116                 ;ASB       defb    0,0,0,0,0,0,0,0
    117                 ;ASB       defm    'CAVS'
    118                 ;ASB       defb    0,0,0,0,0,0,0,0,0
    119                 ;ASB       defm    'MAVERICKS'
    120                 ;ASB       defb    0,0,0,0
    121                 ;ASB       defm    'NUGGETS'
    122                 ;ASB       defb    0,0,0,0,0,0
    123                 ;ASB       defm    'PISTONS'
    124                 ;ASB       defb    0,0,0,0,0,0
    125                 ;ASB       defm    'WARRIORS'
    126                 ;ASB       defb    0,0,0,0,0
    127                 ;ASB       defm    'ROCKETS'
    128                 ;ASB       defb    0,0,0,0,0,0
    129                 ;ASB       defm    'PACERS'
    130                 ;ASB       defb    0,0,0,0,0,0,0
    131                 ;ASB       defm    'CLIPPERS'
    132                 ;ASB       defb    0,0,0,0,0
    133                 ;ASB       defm    'LAKERS'
    134                 ;ASB       defb    0,0,0,0,0,0,0
    135                 ;ASB       defm    'HEAT'
    136                 ;ASB       defb    0,0,0,0,0,0,0,0,0
    137                 ;ASB       defm    'BUCKS'
    138                 ;ASB       defb    0,0,0,0,0,0,0,0
    139                 ;ASB       defm    'TIMBERWOLVES'
    140                 ;ASB       defb    0
    141                 ;ASB       defm    'NETS'
    142                 ;ASB       defb    0,0,0,0,0,0,0,0,0
    143                 ;ASB       defm    'KNICKS'
    144                 ;ASB       defb    0,0,0,0,0,0,0
    145                 ;ASB       defm    'MAGIC'
    146                 ;ASB       defb    0,0,0,0,0,0,0,0
    147                 ;ASB       defm    'SIXERS'
    148                 ;ASB       defb    0,0,0,0,0,0,0
    149                 ;ASB       defm    'SUNS'
    150                 ;ASB       defb    0,0,0,0,0,0,0,0,0
    151                 ;ASB       defm    'BLAZERS'
    152                 ;ASB       defb    0,0,0,0,0,0
    153                 ;ASB       defm    'KINGS'
    154                 ;ASB       defb    0,0,0,0,0,0,0,0
    155                 ;ASB       defm    'SPURS'
    156                 ;ASB       defb    0,0,0,0,0,0,0,0
    157                 ;ASB       defm    'SONICS'
    158                 ;ASB       defb    0,0,0,0,0,0,0
    159                 ;ASB       defm    'RAPTORS'
    160                 ;ASB       defb    0,0,0,0,0,0
    161                 ;ASB       defm    'JAZZ'
    162                 ;ASB       defb    0,0,0,0,0,0,0,0,0
    163                 ;ASB       defm    'GRIZZLIES'
    164                 ;ASB       defb    0,0,0,0
    165                 ;ASB       defm    'WIZARDS'



Statisti SM8521 Assembler V1.10            Wed Dec 23 17:35:37 1998  Page    4


    166                 ;ASB       defb    0,0,0,0,0,0
    167                 ;ASB
    168                 ;ASB; team logos page, x,yloc x,ysize
    169                 ;ASBteamlogo_table:
    170                 ;ASB       defb    bankno_teamlogo1,   0,  0,  61, 40  ;atlanta hawks
    171                 ;ASB       defb    bankno_teamlogo1,   0, 41,  43, 47  ;boston celtics
    172                 ;ASB       defb    bankno_teamlogo1,   0, 88,  45, 55  ;charlotte hornets
    173                 ;ASB       defb    bankno_teamlogo1,   0,143,  54, 52  ;chicago bulls
    174                 ;ASB       defb    bankno_teamlogo1,   0,195,  49, 57  ;cleavland cavs
    175                 ;ASB       defb    bankno_teamlogo1,  62,  0,  52, 49  ;dallas mavericks
    176                 ;ASB       defb    bankno_teamlogo1,  51, 49,  63, 45  ;denver nuggets
    177                 ;ASB       defb    bankno_teamlogo1,  62, 94,  49, 50  ;detroit pistons
    178                 ;ASB       defb    bankno_teamlogo1, 118,  0,  55, 52  ;golden state warriors
    179                 ;ASB       defb    bankno_teamlogo1, 118, 52,  62, 49  ;houston rockets
    180                 ;ASB       defb    bankno_teamlogo1, 118,101,  55, 47  ;indiana pacers
    181                 ;ASB       defb    bankno_teamlogo1, 118,148,  65, 47  ;LA clippers
    182                 ;ASB       defb    bankno_teamlogo1, 118,195,  65, 41  ;LA lakers
    183                 ;ASB       defb    bankno_teamlogo1, 183,  0,  40, 52  ;miami heat
    184                 ;ASB       defb    bankno_teamlogo2, 133,175,  40, 49  ;milwaukee bucks
    185                 ;ASB       defb    bankno_teamlogo1, 183, 52,  63, 47  ;minnesota timberwolves
    186                 ;ASB       defb    bankno_teamlogo1, 183, 99,  50, 50  ;new jersey nets
    187                 ;ASB       defb    bankno_teamlogo1, 183,149,  64, 46  ;new york knicks
    188                 ;ASB       defb    bankno_teamlogo1, 183,195,  66, 27  ;orlando magic
    189                 ;ASB       defb    bankno_teamlogo2,   0,  0,  65, 41  ;philidelphia 76ers
    190                 ;ASB       defb    bankno_teamlogo2,   0, 41,  48, 51  ;phoenix suns
    191                 ;ASB       defb    bankno_teamlogo2,   0, 92,  67, 22  ;portland blazers
    192                 ;ASB       defb    bankno_teamlogo2,   0,114,  43, 49  ;sacremento kings
    193                 ;ASB       defb    bankno_teamlogo2,   0,163,  65, 34  ;san antonio spurs
    194                 ;ASB       defb    bankno_teamlogo2,   0,197,  50, 47  ;seatle supersonics
    195                 ;ASB       defb    bankno_teamlogo2,  67,  0,  56, 50  ;toronto raptors
    196                 ;ASB       defb    bankno_teamlogo2,  67, 50,  63, 46  ;utah jazz
    197                 ;ASB       defb    bankno_teamlogo2,  67, 96,  66, 51  ;vancouver grizzlies
    198                 ;ASB       defb    bankno_teamlogo2, 185, 48,  66, 47  ;washington wizards?
    199                 ;ASB       defb    bankno_teamlogo1,  62,144,  47, 53  ;eastern conference
    200                 ;ASB       defb    bankno_teamlogo2, 185,  0,  47, 48  ;western division
    201                 ;ASB       defb    bankno_teamlogo2,  67,196,  47, 43  ;blockers
    202                 ;ASB       defb    bankno_teamlogo2, 133,  0,  48, 42  ;jammers
    203                 ;ASB       defb    bankno_teamlogo2, 133, 42,  23, 49  ;nba logo
    204                 ;ASB       defb    bankno_teamlogo2, 133, 91,  52, 40  ;slammers
    205                 ;ASB       defb    bankno_teamlogo2, 133,131,  49, 44  ;stealers
    206                 ;ASB       defb    bankno_teamlogo1,  49,197,  69, 51  ;ea sports
    207                 ;ASB       defb    bankno_teamlogo2,  67,147,  65, 29  ;washington bullets
    208                 ;ASB       defb    bankno_teamlogo2, 185, 95,  46, 48  ;ney york nets2
    209                 ;ASB       defb    bankno_teamlogo2, 185,143,  49, 50  ;golden state warriors2
    210                 
    211 0000                    end
